nohup: ignoring input
Running from: /mnt/c/Users/user/coding_python/Flask_testing_CICD/jenkins.war
webroot: /home/user/.jenkins/war
2025-11-24 04:24:40.256+0000 [id=1]	INFO	winstone.Logger#logInternal: Beginning extraction from war file
2025-11-24 04:24:40.340+0000 [id=1]	WARNING	o.e.j.ee9.nested.ContextHandler#setContextPath: Empty contextPath
2025-11-24 04:24:40.400+0000 [id=1]	INFO	org.eclipse.jetty.server.Server#doStart: jetty-12.0.25; built: 2025-08-11T23:52:37.219Z; git: a862b76d8372e24205765182d9ae1d1d333ce2ea; jvm 21.0.8+9-Ubuntu-0ubuntu124.04.1
2025-11-24 04:24:40.826+0000 [id=1]	INFO	o.e.j.e.w.StandardDescriptorProcessor#visitServlet: NO JSP Support for /, did not find org.eclipse.jetty.ee9.jsp.JettyJspServlet
2025-11-24 04:24:40.878+0000 [id=1]	INFO	o.e.j.s.DefaultSessionIdManager#doStart: Session workerName=node0
2025-11-24 04:24:41.257+0000 [id=1]	INFO	hudson.WebAppMain#contextInitialized: Jenkins home directory: /home/user/.jenkins found at: $user.home/.jenkins
2025-11-24 04:24:41.368+0000 [id=1]	INFO	o.e.j.s.handler.ContextHandler#doStart: Started oeje9n.ContextHandler$CoreContextHandler@10b3df93{Jenkins v2.528.2,/,b=file:///home/user/.jenkins/war/,a=AVAILABLE,h=oeje9n.ContextHandler$CoreContextHandler$CoreToNestedHandler@ea27e34{STARTED}}
2025-11-24 04:24:41.380+0000 [id=1]	INFO	o.e.j.server.AbstractConnector#doStart: Started ServerConnector@5af5def9{HTTP/1.1, (http/1.1)}{0.0.0.0:8085}
2025-11-24 04:24:41.389+0000 [id=1]	INFO	org.eclipse.jetty.server.Server#doStart: Started oejs.Server@654f0d9c{STARTING}[12.0.25,sto=0] @1739ms
2025-11-24 04:24:41.390+0000 [id=39]	INFO	winstone.Logger#logInternal: Winstone Servlet Engine running: controlPort=disabled
2025-11-24 04:24:41.509+0000 [id=38]	INFO	jenkins.model.Jenkins#<init>: Starting version 2.528.2
2025-11-24 04:24:41.585+0000 [id=45]	INFO	hudson.PluginManager#loadDetachedPlugins: Upgrading Jenkins. The last running version was 2.528.1. This Jenkins is version 2.528.2.
2025-11-24 04:24:41.590+0000 [id=46]	INFO	jenkins.InitReactorRunner$1#onAttained: Started initialization
2025-11-24 04:24:41.628+0000 [id=45]	INFO	hudson.PluginManager#loadDetachedPlugins: Upgraded Jenkins from version 2.528.1 to version 2.528.2. Loaded detached plugins (and dependencies): []
2025-11-24 04:24:41.859+0000 [id=48]	INFO	jenkins.InitReactorRunner$1#onAttained: Listed all plugins
2025-11-24 04:24:44.763+0000 [id=46]	INFO	jenkins.InitReactorRunner$1#onAttained: Prepared all plugins
2025-11-24 04:24:44.786+0000 [id=45]	INFO	jenkins.InitReactorRunner$1#onAttained: Started all plugins
2025-11-24 04:24:44.793+0000 [id=45]	INFO	jenkins.InitReactorRunner$1#onAttained: Augmented all extensions
2025-11-24 04:24:45.573+0000 [id=55]	INFO	jenkins.InitReactorRunner$1#onAttained: System config loaded
2025-11-24 04:24:45.574+0000 [id=59]	INFO	jenkins.InitReactorRunner$1#onAttained: System config adapted
2025-11-24 04:24:45.633+0000 [id=49]	INFO	jenkins.InitReactorRunner$1#onAttained: Loaded all jobs
2025-11-24 04:24:45.642+0000 [id=51]	INFO	jenkins.InitReactorRunner$1#onAttained: Configuration for all jobs updated
2025-11-24 04:24:45.660+0000 [id=75]	INFO	hudson.util.Retrier#start: Attempt #1 to do the action check updates server
2025-11-24 04:24:45.685+0000 [id=55]	INFO	jenkins.InitReactorRunner$1#onAttained: Completed initialization
2025-11-24 04:24:45.716+0000 [id=38]	INFO	hudson.lifecycle.Lifecycle#onReady: Jenkins is fully up and running
2025-11-24 04:24:58.017+0000 [id=75]	INFO	h.m.DownloadService$Downloadable#load: Obtained the updated data file for hudson.tasks.Maven.MavenInstaller
2025-11-24 04:24:58.018+0000 [id=75]	INFO	hudson.util.Retrier#start: Performed the action check updates server successfully at the attempt #1
